<?xml version="1.0" encoding="UTF-8"?>
<!-- Generated by org.testng.reporters.JUnitReportReporter -->
<testsuite skipped="0" hostname="SAJIDs-MBP.fios-router.home" name="testNGListeners.ParametersTest" tests="8" failures="0" timestamp="2021-06-03T23:43:05 EDT" time="0.007" errors="0">
  <testcase name="mercuryTest" time="0.004" classname="testNGListeners.ParametersTest"/>
  <system-out/>
  <testcase name="venusTest" time="0.000" classname="testNGListeners.ParametersTest"/>
  <system-out/>
  <testcase name="earthTest" time="0.001" classname="testNGListeners.ParametersTest"/>
  <system-out/>
  <testcase name="marsTest" time="0.000" classname="testNGListeners.ParametersTest"/>
  <system-out/>
  <testcase name="jupiterTest" time="0.001" classname="testNGListeners.ParametersTest"/>
  <system-out/>
  <testcase name="saturnTest" time="0.000" classname="testNGListeners.ParametersTest"/>
  <system-out/>
  <testcase name="uranusTest" time="0.000" classname="testNGListeners.ParametersTest"/>
  <system-out/>
  <testcase name="neptuneTest" time="0.001" classname="testNGListeners.ParametersTest"/>
  <system-out/>
</testsuite> <!-- testNGListeners.ParametersTest -->
